=== HTMX routes from templates ===
GET /apps/{{ sd.id }}/backup in src/pit_panel/web/templates/app_detail.html
GET /apps/{{ sd.id }}/containers in src/pit_panel/web/templates/app_detail.html
GET /apps/{{ sd.id }}/env in src/pit_panel/web/templates/app_detail.html
GET /apps/{{ sd.id }}/files in src/pit_panel/web/templates/app_detail.html
GET /apps/{{ sd.id }}/files in src/pit_panel/web/templates/partials/_file_content.html
GET /apps/{{ sd.id }}/files?path={{ current + '/' + e.name if current else e.name }} in src/pit_panel/web/templates/partials/_files.html
GET /apps/{{ sd.id }}/files?path={{ parent }} in src/pit_panel/web/templates/partials/_files.html
GET /apps/{{ sd.id }}/logs in src/pit_panel/web/templates/app_detail.html
GET /apps/{{ sd.id }}/logs in src/pit_panel/web/templates/tabs/_logs.html
GET /apps/{{ sd.id }}/status in src/pit_panel/web/templates/app_detail.html
GET /apps/{{ sd.id }}/status in src/pit_panel/web/templates/apps.html
GET /containers/fragment in src/pit_panel/web/templates/containers.html
GET /logs/applog in src/pit_panel/web/templates/logs.html
GET /logs/journal in src/pit_panel/web/templates/logs.html
GET /security/abuseipdb-blacklist in src/pit_panel/web/templates/security.html
GET /security/blocklist in src/pit_panel/web/templates/security.html
GET /security/bugs in src/pit_panel/web/templates/security.html
GET /security/malware/clamav-status in src/pit_panel/web/templates/security.html
GET /stats in src/pit_panel/web/templates/dashboard.html
GET /system/manage/services in src/pit_panel/web/templates/system_manage.html
POST /apps/analyze-repo in src/pit_panel/web/templates/apps.html
POST /apps/deploy in src/pit_panel/web/templates/apps.html
POST /apps/update-all in src/pit_panel/web/templates/apps.html
POST /apps/{{ sd.id }}/backup/run in src/pit_panel/web/templates/tabs/_backup.html
POST /apps/{{ sd.id }}/env in src/pit_panel/web/templates/tabs/_env.html
POST /apps/{{ sd.id }}/files/save in src/pit_panel/web/templates/partials/_file_content.html
POST /apps/{{ sd.id }}/renew-ssl in src/pit_panel/web/templates/app_detail.html
POST /apps/{{ sd.id }}/restart in src/pit_panel/web/templates/app_detail.html
POST /apps/{{ sd.id }}/update in src/pit_panel/web/templates/app_detail.html
POST /apps/{{ sd.id }}/wp-fix-url in src/pit_panel/web/templates/app_detail.html
POST /apps/{{ sd.id }}/wp/flush-cache in src/pit_panel/web/templates/panels/_wordpress.html
POST /apps/{{ sd.id }}/wp/update-core in src/pit_panel/web/templates/panels/_wordpress.html
POST /apps/{{ sd.id }}/wp/update-plugins in src/pit_panel/web/templates/panels/_wordpress.html
POST /security/abuseipdb-check in src/pit_panel/web/templates/security.html
POST /security/fail2ban/enable in src/pit_panel/web/templates/security.html
POST /security/firewall/disable in src/pit_panel/web/templates/security.html
POST /security/firewall/enable in src/pit_panel/web/templates/security.html
POST /security/firewall/rule/add in src/pit_panel/web/templates/security.html
POST /security/firewall/rule/delete in src/pit_panel/web/templates/security.html
POST /security/lynis/audit in src/pit_panel/web/templates/security.html
POST /security/malware/clamav/toggle in src/pit_panel/web/templates/security.html
POST /security/malware/scan in src/pit_panel/web/templates/security.html
POST /security/malware/scan-full in src/pit_panel/web/templates/security.html
POST /security/malware/set-interval in src/pit_panel/web/templates/security.html
POST /security/malware/update-defs in src/pit_panel/web/templates/security.html
POST /settings/test-notification in src/pit_panel/web/templates/settings.html
POST /system/manage/action in src/pit_panel/web/templates/system_manage.html

=== Backend routes ===
GET / in src/pit_panel/web/routes/dashboard.py
GET /api/debug/certs in src/pit_panel/web/routes/debug_api.py
GET /api/debug/logs in src/pit_panel/web/routes/debug_api.py
GET /api/debug/system in src/pit_panel/web/routes/debug_api.py
GET /api/file-manager/file in src/pit_panel/web/routes/file_manager.py
GET /api/file-manager/list in src/pit_panel/web/routes/file_manager.py
GET /apps in src/pit_panel/web/routes/app_routes/main.py
GET /apps/{sd_id} in src/pit_panel/web/routes/app_routes/main.py
GET /apps/{sd_id}/backup in src/pit_panel/web/routes/app_routes/ops.py
GET /apps/{sd_id}/containers in src/pit_panel/web/routes/app_routes/ops.py
GET /apps/{sd_id}/env in src/pit_panel/web/routes/app_routes/ops.py
GET /apps/{sd_id}/files in src/pit_panel/web/routes/app_routes/ops.py
GET /apps/{sd_id}/logs in src/pit_panel/web/routes/app_routes/ops.py
GET /apps/{sd_id}/status in src/pit_panel/web/routes/app_routes/ops.py
GET /apps/{sd_id}/terminal in src/pit_panel/web/routes/app_routes/ops.py
GET /apps/{sd_id}/wp-auto-login in src/pit_panel/web/routes/app_routes/wordpress.py
GET /containers in src/pit_panel/web/routes/containers.py
GET /containers/container/{container_id}/logs in src/pit_panel/web/routes/containers.py
GET /containers/container/{container_id}/stats in src/pit_panel/web/routes/containers.py
GET /containers/fragment in src/pit_panel/web/routes/containers.py
GET /containers/{sd_id}/logs in src/pit_panel/web/routes/containers.py
GET /debug in src/pit_panel/web/routes/debug.py
GET /debug/raw in src/pit_panel/web/routes/debug.py
GET /login in src/pit_panel/web/routes/auth_routes.py
GET /logout in src/pit_panel/web/routes/auth_routes.py
GET /logs in src/pit_panel/web/routes/logs.py
GET /logs/applog in src/pit_panel/web/routes/logs.py
GET /logs/journal in src/pit_panel/web/routes/logs.py
GET /security in src/pit_panel/web/routes/security.py
GET /security/abuseipdb-blacklist in src/pit_panel/web/routes/security.py
GET /security/blocklist in src/pit_panel/web/routes/security.py
GET /security/bugs in src/pit_panel/web/routes/security.py
GET /security/fail2ban/config/{jail} in src/pit_panel/web/routes/security.py
GET /security/fail2ban/jail/{jail} in src/pit_panel/web/routes/security.py
GET /security/lynis/report in src/pit_panel/web/routes/security.py
GET /security/malware/clamav-status in src/pit_panel/web/routes/security.py
GET /settings in src/pit_panel/web/routes/settings.py
GET /settings/audit in src/pit_panel/web/routes/settings.py
GET /setup-2fa in src/pit_panel/web/routes/auth_routes.py
GET /ssl in src/pit_panel/web/routes/ssl.py
GET /stats in src/pit_panel/web/routes/dashboard.py
GET /subdomains in src/pit_panel/web/routes/subdomains.py
GET /system in src/pit_panel/web/routes/system.py
GET /system/file-manager in src/pit_panel/web/routes/file_manager.py
GET /system/manage in src/pit_panel/web/routes/system_manage.py
GET /system/manage/services in src/pit_panel/web/routes/system_manage.py
GET /system/terminal in src/pit_panel/web/routes/file_manager.py
POST /api/file-manager/create in src/pit_panel/web/routes/file_manager.py
POST /api/file-manager/delete in src/pit_panel/web/routes/file_manager.py
POST /api/file-manager/save in src/pit_panel/web/routes/file_manager.py
POST /api/file-manager/upload in src/pit_panel/web/routes/file_manager.py
POST /apps/analyze-repo in src/pit_panel/web/routes/app_routes/main.py
POST /apps/deploy-from-repo in src/pit_panel/web/routes/app_routes/main.py
POST /apps/update-all in src/pit_panel/web/routes/app_routes/main.py
POST /apps/{sd_id}/backup/restore in src/pit_panel/web/routes/app_routes/ops.py
POST /apps/{sd_id}/backup/run in src/pit_panel/web/routes/app_routes/ops.py
POST /apps/{sd_id}/clone in src/pit_panel/web/routes/app_routes/ops.py
POST /apps/{sd_id}/delete in src/pit_panel/web/routes/app_routes/ops.py
POST /apps/{sd_id}/env in src/pit_panel/web/routes/app_routes/ops.py
POST /apps/{sd_id}/files/save in src/pit_panel/web/routes/app_routes/ops.py
POST /apps/{sd_id}/renew-ssl in src/pit_panel/web/routes/app_routes/ops.py
POST /apps/{sd_id}/restart in src/pit_panel/web/routes/app_routes/ops.py
POST /apps/{sd_id}/stop in src/pit_panel/web/routes/app_routes/ops.py
POST /apps/{sd_id}/update in src/pit_panel/web/routes/app_routes/ops.py
POST /apps/{sd_id}/wp-fix-url in src/pit_panel/web/routes/app_routes/wordpress.py
POST /apps/{sd_id}/wp/flush-cache in src/pit_panel/web/routes/app_routes/wordpress.py
POST /apps/{sd_id}/wp/update-core in src/pit_panel/web/routes/app_routes/wordpress.py
POST /apps/{sd_id}/wp/update-plugins in src/pit_panel/web/routes/app_routes/wordpress.py
POST /containers/container/{container_id}/start in src/pit_panel/web/routes/containers.py
POST /containers/container/{container_id}/stop in src/pit_panel/web/routes/containers.py
POST /containers/{sd_id}/restart in src/pit_panel/web/routes/containers.py
POST /login in src/pit_panel/web/routes/auth_routes.py
POST /security/abuseipdb-check in src/pit_panel/web/routes/security.py
POST /security/ban-ip in src/pit_panel/web/routes/security.py
POST /security/blocklist/import in src/pit_panel/web/routes/security.py
POST /security/fail2ban/config/{jail} in src/pit_panel/web/routes/security.py
POST /security/fail2ban/enable in src/pit_panel/web/routes/security.py
POST /security/fail2ban/unban in src/pit_panel/web/routes/security.py
POST /security/firewall/disable in src/pit_panel/web/routes/security.py
POST /security/firewall/enable in src/pit_panel/web/routes/security.py
POST /security/firewall/rule/add in src/pit_panel/web/routes/security.py
POST /security/firewall/rule/delete in src/pit_panel/web/routes/security.py
POST /security/lynis/audit in src/pit_panel/web/routes/security.py
POST /security/malware/clamav/toggle in src/pit_panel/web/routes/security.py
POST /security/malware/scan in src/pit_panel/web/routes/security.py
POST /security/malware/scan-full in src/pit_panel/web/routes/security.py
POST /security/malware/set-interval in src/pit_panel/web/routes/security.py
POST /security/malware/update-defs in src/pit_panel/web/routes/security.py
POST /security/revoke-session in src/pit_panel/web/routes/security.py
POST /security/unban in src/pit_panel/web/routes/security.py
POST /settings/test-notification in src/pit_panel/web/routes/settings.py
POST /settings/update in src/pit_panel/web/routes/settings.py
POST /setup-2fa in src/pit_panel/web/routes/auth_routes.py
POST /ssl/generate in src/pit_panel/web/routes/ssl.py
POST /ssl/renew in src/pit_panel/web/routes/ssl.py
POST /ssl/renew-all in src/pit_panel/web/routes/ssl.py
POST /subdomains/add in src/pit_panel/web/routes/subdomains.py
POST /subdomains/{sd_id}/delete in src/pit_panel/web/routes/subdomains.py
POST /subdomains/{sd_id}/edit in src/pit_panel/web/routes/subdomains.py
POST /system/manage/action in src/pit_panel/web/routes/system_manage.py
POST /system/upgrade in src/pit_panel/web/routes/system.py
